{
  "accuracy": 0.9643358044480064,
  "eval_loss": 0.12554584064103508,
  "eval_samples": 9982,
  "method": "lora",
  "model_name": "facebook/wav2vec2-base",
  "primary_metric": "accuracy",
  "primary_metric_value": 0.9643358044480064,
  "task_name": "speech_commands",
  "train_samples": 84848
}
{
  "accuracy": 0.9643358044480064,
  "eval_loss": 0.12554584064103508,
  "eval_samples": 9982,
  "method": "lora",
  "missing_keys": [
    "wav2vec2.masked_spec_embed",
    "wav2vec2.feature_extractor.conv_layers.0.conv.weight",
    "wav2vec2.feature_extractor.conv_layers.0.layer_norm.weight",
    "wav2vec2.feature_extractor.conv_layers.0.layer_norm.bias",
    "wav2vec2.feature_extractor.conv_layers.1.conv.weight",
    "wav2vec2.feature_extractor.conv_layers.2.conv.weight",
    "wav2vec2.feature_extractor.conv_layers.3.conv.weight",
    "wav2vec2.feature_extractor.conv_layers.4.conv.weight",
    "wav2vec2.feature_extractor.conv_layers.5.conv.weight",
    "wav2vec2.feature_extractor.conv_layers.6.conv.weight",
    "wav2vec2.feature_projection.layer_norm.weight",
    "wav2vec2.feature_projection.layer_norm.bias",
    "wav2vec2.feature_projection.projection.weight",
    "wav2vec2.feature_projection.projection.bias",
    "wav2vec2.encoder.pos_conv_embed.conv.bias",
    "wav2vec2.encoder.pos_conv_embed.conv.parametrizations.weight.original0",
    "wav2vec2.encoder.pos_conv_embed.conv.parametrizations.weight.original1",
    "wav2vec2.encoder.layer_norm.weight",
    "wav2vec2.encoder.layer_norm.bias",
    "wav2vec2.encoder.layers.0.attention.k_proj.weight",
    "wav2vec2.encoder.layers.0.attention.k_proj.bias",
    "wav2vec2.encoder.layers.0.attention.v_proj.base_layer.weight",
    "wav2vec2.encoder.layers.0.attention.v_proj.base_layer.bias",
    "wav2vec2.encoder.layers.0.attention.q_proj.base_layer.weight",
    "wav2vec2.encoder.layers.0.attention.q_proj.base_layer.bias",
    "wav2vec2.encoder.layers.0.attention.out_proj.weight",
    "wav2vec2.encoder.layers.0.attention.out_proj.bias",
    "wav2vec2.encoder.layers.0.layer_norm.weight",
    "wav2vec2.encoder.layers.0.layer_norm.bias",
    "wav2vec2.encoder.layers.0.feed_forward.intermediate_dense.weight",
    "wav2vec2.encoder.layers.0.feed_forward.intermediate_dense.bias",
    "wav2vec2.encoder.layers.0.feed_forward.output_dense.weight",
    "wav2vec2.encoder.layers.0.feed_forward.output_dense.bias",
    "wav2vec2.encoder.layers.0.final_layer_norm.weight",
    "wav2vec2.encoder.layers.0.final_layer_norm.bias",
    "wav2vec2.encoder.layers.1.attention.k_proj.weight",
    "wav2vec2.encoder.layers.1.attention.k_proj.bias",
    "wav2vec2.encoder.layers.1.attention.v_proj.base_layer.weight",
    "wav2vec2.encoder.layers.1.attention.v_proj.base_layer.bias",
    "wav2vec2.encoder.layers.1.attention.q_proj.base_layer.weight",
    "wav2vec2.encoder.layers.1.attention.q_proj.base_layer.bias",
    "wav2vec2.encoder.layers.1.attention.out_proj.weight",
    "wav2vec2.encoder.layers.1.attention.out_proj.bias",
    "wav2vec2.encoder.layers.1.layer_norm.weight",
    "wav2vec2.encoder.layers.1.layer_norm.bias",
    "wav2vec2.encoder.layers.1.feed_forward.intermediate_dense.weight",
    "wav2vec2.encoder.layers.1.feed_forward.intermediate_dense.bias",
    "wav2vec2.encoder.layers.1.feed_forward.output_dense.weight",
    "wav2vec2.encoder.layers.1.feed_forward.output_dense.bias",
    "wav2vec2.encoder.layers.1.final_layer_norm.weight",
    "wav2vec2.encoder.layers.1.final_layer_norm.bias",
    "wav2vec2.encoder.layers.2.attention.k_proj.weight",
    "wav2vec2.encoder.layers.2.attention.k_proj.bias",
    "wav2vec2.encoder.layers.2.attention.v_proj.base_layer.weight",
    "wav2vec2.encoder.layers.2.attention.v_proj.base_layer.bias",
    "wav2vec2.encoder.layers.2.attention.q_proj.base_layer.weight",
    "wav2vec2.encoder.layers.2.attention.q_proj.base_layer.bias",
    "wav2vec2.encoder.layers.2.attention.out_proj.weight",
    "wav2vec2.encoder.layers.2.attention.out_proj.bias",
    "wav2vec2.encoder.layers.2.layer_norm.weight",
    "wav2vec2.encoder.layers.2.layer_norm.bias",
    "wav2vec2.encoder.layers.2.feed_forward.intermediate_dense.weight",
    "wav2vec2.encoder.layers.2.feed_forward.intermediate_dense.bias",
    "wav2vec2.encoder.layers.2.feed_forward.output_dense.weight",
    "wav2vec2.encoder.layers.2.feed_forward.output_dense.bias",
    "wav2vec2.encoder.layers.2.final_layer_norm.weight",
    "wav2vec2.encoder.layers.2.final_layer_norm.bias",
    "wav2vec2.encoder.layers.3.attention.k_proj.weight",
    "wav2vec2.encoder.layers.3.attention.k_proj.bias",
    "wav2vec2.encoder.layers.3.attention.v_proj.base_layer.weight",
    "wav2vec2.encoder.layers.3.attention.v_proj.base_layer.bias",
    "wav2vec2.encoder.layers.3.attention.q_proj.base_layer.weight",
    "wav2vec2.encoder.layers.3.attention.q_proj.base_layer.bias",
    "wav2vec2.encoder.layers.3.attention.out_proj.weight",
    "wav2vec2.encoder.layers.3.attention.out_proj.bias",
    "wav2vec2.encoder.layers.3.layer_norm.weight",
    "wav2vec2.encoder.layers.3.layer_norm.bias",
    "wav2vec2.encoder.layers.3.feed_forward.intermediate_dense.weight",
    "wav2vec2.encoder.layers.3.feed_forward.intermediate_dense.bias",
    "wav2vec2.encoder.layers.3.feed_forward.output_dense.weight",
    "wav2vec2.encoder.layers.3.feed_forward.output_dense.bias",
    "wav2vec2.encoder.layers.3.final_layer_norm.weight",
    "wav2vec2.encoder.layers.3.final_layer_norm.bias",
    "wav2vec2.encoder.layers.4.attention.k_proj.weight",
    "wav2vec2.encoder.layers.4.attention.k_proj.bias",
    "wav2vec2.encoder.layers.4.attention.v_proj.base_layer.weight",
    "wav2vec2.encoder.layers.4.attention.v_proj.base_layer.bias",
    "wav2vec2.encoder.layers.4.attention.q_proj.base_layer.weight",
    "wav2vec2.encoder.layers.4.attention.q_proj.base_layer.bias",
    "wav2vec2.encoder.layers.4.attention.out_proj.weight",
    "wav2vec2.encoder.layers.4.attention.out_proj.bias",
    "wav2vec2.encoder.layers.4.layer_norm.weight",
    "wav2vec2.encoder.layers.4.layer_norm.bias",
    "wav2vec2.encoder.layers.4.feed_forward.intermediate_dense.weight",
    "wav2vec2.encoder.layers.4.feed_forward.intermediate_dense.bias",
    "wav2vec2.encoder.layers.4.feed_forward.output_dense.weight",
    "wav2vec2.encoder.layers.4.feed_forward.output_dense.bias",
    "wav2vec2.encoder.layers.4.final_layer_norm.weight",
    "wav2vec2.encoder.layers.4.final_layer_norm.bias",
    "wav2vec2.encoder.layers.5.attention.k_proj.weight",
    "wav2vec2.encoder.layers.5.attention.k_proj.bias",
    "wav2vec2.encoder.layers.5.attention.v_proj.base_layer.weight",
    "wav2vec2.encoder.layers.5.attention.v_proj.base_layer.bias",
    "wav2vec2.encoder.layers.5.attention.q_proj.base_layer.weight",
    "wav2vec2.encoder.layers.5.attention.q_proj.base_layer.bias",
    "wav2vec2.encoder.layers.5.attention.out_proj.weight",
    "wav2vec2.encoder.layers.5.attention.out_proj.bias",
    "wav2vec2.encoder.layers.5.layer_norm.weight",
    "wav2vec2.encoder.layers.5.layer_norm.bias",
    "wav2vec2.encoder.layers.5.feed_forward.intermediate_dense.weight",
    "wav2vec2.encoder.layers.5.feed_forward.intermediate_dense.bias",
    "wav2vec2.encoder.layers.5.feed_forward.output_dense.weight",
    "wav2vec2.encoder.layers.5.feed_forward.output_dense.bias",
    "wav2vec2.encoder.layers.5.final_layer_norm.weight",
    "wav2vec2.encoder.layers.5.final_layer_norm.bias",
    "wav2vec2.encoder.layers.6.attention.k_proj.weight",
    "wav2vec2.encoder.layers.6.attention.k_proj.bias",
    "wav2vec2.encoder.layers.6.attention.v_proj.base_layer.weight",
    "wav2vec2.encoder.layers.6.attention.v_proj.base_layer.bias",
    "wav2vec2.encoder.layers.6.attention.q_proj.base_layer.weight",
    "wav2vec2.encoder.layers.6.attention.q_proj.base_layer.bias",
    "wav2vec2.encoder.layers.6.attention.out_proj.weight",
    "wav2vec2.encoder.layers.6.attention.out_proj.bias",
    "wav2vec2.encoder.layers.6.layer_norm.weight",
    "wav2vec2.encoder.layers.6.layer_norm.bias",
    "wav2vec2.encoder.layers.6.feed_forward.intermediate_dense.weight",
    "wav2vec2.encoder.layers.6.feed_forward.intermediate_dense.bias",
    "wav2vec2.encoder.layers.6.feed_forward.output_dense.weight",
    "wav2vec2.encoder.layers.6.feed_forward.output_dense.bias",
    "wav2vec2.encoder.layers.6.final_layer_norm.weight",
    "wav2vec2.encoder.layers.6.final_layer_norm.bias",
    "wav2vec2.encoder.layers.7.attention.k_proj.weight",
    "wav2vec2.encoder.layers.7.attention.k_proj.bias",
    "wav2vec2.encoder.layers.7.attention.v_proj.base_layer.weight",
    "wav2vec2.encoder.layers.7.attention.v_proj.base_layer.bias",
    "wav2vec2.encoder.layers.7.attention.q_proj.base_layer.weight",
    "wav2vec2.encoder.layers.7.attention.q_proj.base_layer.bias",
    "wav2vec2.encoder.layers.7.attention.out_proj.weight",
    "wav2vec2.encoder.layers.7.attention.out_proj.bias",
    "wav2vec2.encoder.layers.7.layer_norm.weight",
    "wav2vec2.encoder.layers.7.layer_norm.bias",
    "wav2vec2.encoder.layers.7.feed_forward.intermediate_dense.weight",
    "wav2vec2.encoder.layers.7.feed_forward.intermediate_dense.bias",
    "wav2vec2.encoder.layers.7.feed_forward.output_dense.weight",
    "wav2vec2.encoder.layers.7.feed_forward.output_dense.bias",
    "wav2vec2.encoder.layers.7.final_layer_norm.weight",
    "wav2vec2.encoder.layers.7.final_layer_norm.bias",
    "wav2vec2.encoder.layers.8.attention.k_proj.weight",
    "wav2vec2.encoder.layers.8.attention.k_proj.bias",
    "wav2vec2.encoder.layers.8.attention.v_proj.base_layer.weight",
    "wav2vec2.encoder.layers.8.attention.v_proj.base_layer.bias",
    "wav2vec2.encoder.layers.8.attention.q_proj.base_layer.weight",
    "wav2vec2.encoder.layers.8.attention.q_proj.base_layer.bias",
    "wav2vec2.encoder.layers.8.attention.out_proj.weight",
    "wav2vec2.encoder.layers.8.attention.out_proj.bias",
    "wav2vec2.encoder.layers.8.layer_norm.weight",
    "wav2vec2.encoder.layers.8.layer_norm.bias",
    "wav2vec2.encoder.layers.8.feed_forward.intermediate_dense.weight",
    "wav2vec2.encoder.layers.8.feed_forward.intermediate_dense.bias",
    "wav2vec2.encoder.layers.8.feed_forward.output_dense.weight",
    "wav2vec2.encoder.layers.8.feed_forward.output_dense.bias",
    "wav2vec2.encoder.layers.8.final_layer_norm.weight",
    "wav2vec2.encoder.layers.8.final_layer_norm.bias",
    "wav2vec2.encoder.layers.9.attention.k_proj.weight",
    "wav2vec2.encoder.layers.9.attention.k_proj.bias",
    "wav2vec2.encoder.layers.9.attention.v_proj.base_layer.weight",
    "wav2vec2.encoder.layers.9.attention.v_proj.base_layer.bias",
    "wav2vec2.encoder.layers.9.attention.q_proj.base_layer.weight",
    "wav2vec2.encoder.layers.9.attention.q_proj.base_layer.bias",
    "wav2vec2.encoder.layers.9.attention.out_proj.weight",
    "wav2vec2.encoder.layers.9.attention.out_proj.bias",
    "wav2vec2.encoder.layers.9.layer_norm.weight",
    "wav2vec2.encoder.layers.9.layer_norm.bias",
    "wav2vec2.encoder.layers.9.feed_forward.intermediate_dense.weight",
    "wav2vec2.encoder.layers.9.feed_forward.intermediate_dense.bias",
    "wav2vec2.encoder.layers.9.feed_forward.output_dense.weight",
    "wav2vec2.encoder.layers.9.feed_forward.output_dense.bias",
    "wav2vec2.encoder.layers.9.final_layer_norm.weight",
    "wav2vec2.encoder.layers.9.final_layer_norm.bias",
    "wav2vec2.encoder.layers.10.attention.k_proj.weight",
    "wav2vec2.encoder.layers.10.attention.k_proj.bias",
    "wav2vec2.encoder.layers.10.attention.v_proj.base_layer.weight",
    "wav2vec2.encoder.layers.10.attention.v_proj.base_layer.bias",
    "wav2vec2.encoder.layers.10.attention.q_proj.base_layer.weight",
    "wav2vec2.encoder.layers.10.attention.q_proj.base_layer.bias",
    "wav2vec2.encoder.layers.10.attention.out_proj.weight",
    "wav2vec2.encoder.layers.10.attention.out_proj.bias",
    "wav2vec2.encoder.layers.10.layer_norm.weight",
    "wav2vec2.encoder.layers.10.layer_norm.bias",
    "wav2vec2.encoder.layers.10.feed_forward.intermediate_dense.weight",
    "wav2vec2.encoder.layers.10.feed_forward.intermediate_dense.bias",
    "wav2vec2.encoder.layers.10.feed_forward.output_dense.weight",
    "wav2vec2.encoder.layers.10.feed_forward.output_dense.bias",
    "wav2vec2.encoder.layers.10.final_layer_norm.weight",
    "wav2vec2.encoder.layers.10.final_layer_norm.bias",
    "wav2vec2.encoder.layers.11.attention.k_proj.weight",
    "wav2vec2.encoder.layers.11.attention.k_proj.bias",
    "wav2vec2.encoder.layers.11.attention.v_proj.base_layer.weight",
    "wav2vec2.encoder.layers.11.attention.v_proj.base_layer.bias",
    "wav2vec2.encoder.layers.11.attention.q_proj.base_layer.weight",
    "wav2vec2.encoder.layers.11.attention.q_proj.base_layer.bias",
    "wav2vec2.encoder.layers.11.attention.out_proj.weight",
    "wav2vec2.encoder.layers.11.attention.out_proj.bias",
    "wav2vec2.encoder.layers.11.layer_norm.weight",
    "wav2vec2.encoder.layers.11.layer_norm.bias",
    "wav2vec2.encoder.layers.11.feed_forward.intermediate_dense.weight",
    "wav2vec2.encoder.layers.11.feed_forward.intermediate_dense.bias",
    "wav2vec2.encoder.layers.11.feed_forward.output_dense.weight",
    "wav2vec2.encoder.layers.11.feed_forward.output_dense.bias",
    "wav2vec2.encoder.layers.11.final_layer_norm.weight",
    "wav2vec2.encoder.layers.11.final_layer_norm.bias"
  ],
  "model_name": "facebook/wav2vec2-base",
  "primary_metric": "accuracy",
  "primary_metric_value": 0.9643358044480064,
  "task_name": "speech_commands",
  "unexpected_keys": []
}
{
  "accuracy": 0.9772590663193749,
  "eval_loss": 0.09001404842871498,
  "eval_samples": 9982,
  "method": "ft",
  "model_name": "facebook/wav2vec2-base",
  "primary_metric": "accuracy",
  "primary_metric_value": 0.9772590663193749,
  "task_name": "speech_commands",
  "train_samples": 84848
}
{
  "accuracy": 0.9772590663193749,
  "eval_loss": 0.09001404842871498,
  "eval_samples": 9982,
  "method": "ft",
  "missing_keys": [],
  "model_name": "facebook/wav2vec2-base",
  "primary_metric": "accuracy",
  "primary_metric_value": 0.9772590663193749,
  "task_name": "speech_commands",
  "unexpected_keys": []
}
{
  "accuracy": 0.1415929203539823,
  "eval_loss": 2.575032043457031,
  "eval_samples": 113,
  "method": "lora",
  "model_name": "facebook/wav2vec2-base",
  "primary_metric": "accuracy",
  "primary_metric_value": 0.1415929203539823,
  "task_name": "minds14_en",
  "train_samples": 450
}
{
  "accuracy": 0.1415929203539823,
  "eval_loss": 2.575032043457031,
  "eval_samples": 113,
  "method": "lora",
  "missing_keys": [
    "wav2vec2.masked_spec_embed",
    "wav2vec2.feature_extractor.conv_layers.0.conv.weight",
    "wav2vec2.feature_extractor.conv_layers.0.layer_norm.weight",
    "wav2vec2.feature_extractor.conv_layers.0.layer_norm.bias",
    "wav2vec2.feature_extractor.conv_layers.1.conv.weight",
    "wav2vec2.feature_extractor.conv_layers.2.conv.weight",
    "wav2vec2.feature_extractor.conv_layers.3.conv.weight",
    "wav2vec2.feature_extractor.conv_layers.4.conv.weight",
    "wav2vec2.feature_extractor.conv_layers.5.conv.weight",
    "wav2vec2.feature_extractor.conv_layers.6.conv.weight",
    "wav2vec2.feature_projection.layer_norm.weight",
    "wav2vec2.feature_projection.layer_norm.bias",
    "wav2vec2.feature_projection.projection.weight",
    "wav2vec2.feature_projection.projection.bias",
    "wav2vec2.encoder.pos_conv_embed.conv.bias",
    "wav2vec2.encoder.pos_conv_embed.conv.parametrizations.weight.original0",
    "wav2vec2.encoder.pos_conv_embed.conv.parametrizations.weight.original1",
    "wav2vec2.encoder.layer_norm.weight",
    "wav2vec2.encoder.layer_norm.bias",
    "wav2vec2.encoder.layers.0.attention.k_proj.weight",
    "wav2vec2.encoder.layers.0.attention.k_proj.bias",
    "wav2vec2.encoder.layers.0.attention.v_proj.base_layer.weight",
    "wav2vec2.encoder.layers.0.attention.v_proj.base_layer.bias",
    "wav2vec2.encoder.layers.0.attention.q_proj.base_layer.weight",
    "wav2vec2.encoder.layers.0.attention.q_proj.base_layer.bias",
    "wav2vec2.encoder.layers.0.attention.out_proj.weight",
    "wav2vec2.encoder.layers.0.attention.out_proj.bias",
    "wav2vec2.encoder.layers.0.layer_norm.weight",
    "wav2vec2.encoder.layers.0.layer_norm.bias",
    "wav2vec2.encoder.layers.0.feed_forward.intermediate_dense.weight",
    "wav2vec2.encoder.layers.0.feed_forward.intermediate_dense.bias",
    "wav2vec2.encoder.layers.0.feed_forward.output_dense.weight",
    "wav2vec2.encoder.layers.0.feed_forward.output_dense.bias",
    "wav2vec2.encoder.layers.0.final_layer_norm.weight",
    "wav2vec2.encoder.layers.0.final_layer_norm.bias",
    "wav2vec2.encoder.layers.1.attention.k_proj.weight",
    "wav2vec2.encoder.layers.1.attention.k_proj.bias",
    "wav2vec2.encoder.layers.1.attention.v_proj.base_layer.weight",
    "wav2vec2.encoder.layers.1.attention.v_proj.base_layer.bias",
    "wav2vec2.encoder.layers.1.attention.q_proj.base_layer.weight",
    "wav2vec2.encoder.layers.1.attention.q_proj.base_layer.bias",
    "wav2vec2.encoder.layers.1.attention.out_proj.weight",
    "wav2vec2.encoder.layers.1.attention.out_proj.bias",
    "wav2vec2.encoder.layers.1.layer_norm.weight",
    "wav2vec2.encoder.layers.1.layer_norm.bias",
    "wav2vec2.encoder.layers.1.feed_forward.intermediate_dense.weight",
    "wav2vec2.encoder.layers.1.feed_forward.intermediate_dense.bias",
    "wav2vec2.encoder.layers.1.feed_forward.output_dense.weight",
    "wav2vec2.encoder.layers.1.feed_forward.output_dense.bias",
    "wav2vec2.encoder.layers.1.final_layer_norm.weight",
    "wav2vec2.encoder.layers.1.final_layer_norm.bias",
    "wav2vec2.encoder.layers.2.attention.k_proj.weight",
    "wav2vec2.encoder.layers.2.attention.k_proj.bias",
    "wav2vec2.encoder.layers.2.attention.v_proj.base_layer.weight",
    "wav2vec2.encoder.layers.2.attention.v_proj.base_layer.bias",
    "wav2vec2.encoder.layers.2.attention.q_proj.base_layer.weight",
    "wav2vec2.encoder.layers.2.attention.q_proj.base_layer.bias",
    "wav2vec2.encoder.layers.2.attention.out_proj.weight",
    "wav2vec2.encoder.layers.2.attention.out_proj.bias",
    "wav2vec2.encoder.layers.2.layer_norm.weight",
    "wav2vec2.encoder.layers.2.layer_norm.bias",
    "wav2vec2.encoder.layers.2.feed_forward.intermediate_dense.weight",
    "wav2vec2.encoder.layers.2.feed_forward.intermediate_dense.bias",
    "wav2vec2.encoder.layers.2.feed_forward.output_dense.weight",
    "wav2vec2.encoder.layers.2.feed_forward.output_dense.bias",
    "wav2vec2.encoder.layers.2.final_layer_norm.weight",
    "wav2vec2.encoder.layers.2.final_layer_norm.bias",
    "wav2vec2.encoder.layers.3.attention.k_proj.weight",
    "wav2vec2.encoder.layers.3.attention.k_proj.bias",
    "wav2vec2.encoder.layers.3.attention.v_proj.base_layer.weight",
    "wav2vec2.encoder.layers.3.attention.v_proj.base_layer.bias",
    "wav2vec2.encoder.layers.3.attention.q_proj.base_layer.weight",
    "wav2vec2.encoder.layers.3.attention.q_proj.base_layer.bias",
    "wav2vec2.encoder.layers.3.attention.out_proj.weight",
    "wav2vec2.encoder.layers.3.attention.out_proj.bias",
    "wav2vec2.encoder.layers.3.layer_norm.weight",
    "wav2vec2.encoder.layers.3.layer_norm.bias",
    "wav2vec2.encoder.layers.3.feed_forward.intermediate_dense.weight",
    "wav2vec2.encoder.layers.3.feed_forward.intermediate_dense.bias",
    "wav2vec2.encoder.layers.3.feed_forward.output_dense.weight",
    "wav2vec2.encoder.layers.3.feed_forward.output_dense.bias",
    "wav2vec2.encoder.layers.3.final_layer_norm.weight",
    "wav2vec2.encoder.layers.3.final_layer_norm.bias",
    "wav2vec2.encoder.layers.4.attention.k_proj.weight",
    "wav2vec2.encoder.layers.4.attention.k_proj.bias",
    "wav2vec2.encoder.layers.4.attention.v_proj.base_layer.weight",
    "wav2vec2.encoder.layers.4.attention.v_proj.base_layer.bias",
    "wav2vec2.encoder.layers.4.attention.q_proj.base_layer.weight",
    "wav2vec2.encoder.layers.4.attention.q_proj.base_layer.bias",
    "wav2vec2.encoder.layers.4.attention.out_proj.weight",
    "wav2vec2.encoder.layers.4.attention.out_proj.bias",
    "wav2vec2.encoder.layers.4.layer_norm.weight",
    "wav2vec2.encoder.layers.4.layer_norm.bias",
    "wav2vec2.encoder.layers.4.feed_forward.intermediate_dense.weight",
    "wav2vec2.encoder.layers.4.feed_forward.intermediate_dense.bias",
    "wav2vec2.encoder.layers.4.feed_forward.output_dense.weight",
    "wav2vec2.encoder.layers.4.feed_forward.output_dense.bias",
    "wav2vec2.encoder.layers.4.final_layer_norm.weight",
    "wav2vec2.encoder.layers.4.final_layer_norm.bias",
    "wav2vec2.encoder.layers.5.attention.k_proj.weight",
    "wav2vec2.encoder.layers.5.attention.k_proj.bias",
    "wav2vec2.encoder.layers.5.attention.v_proj.base_layer.weight",
    "wav2vec2.encoder.layers.5.attention.v_proj.base_layer.bias",
    "wav2vec2.encoder.layers.5.attention.q_proj.base_layer.weight",
    "wav2vec2.encoder.layers.5.attention.q_proj.base_layer.bias",
    "wav2vec2.encoder.layers.5.attention.out_proj.weight",
    "wav2vec2.encoder.layers.5.attention.out_proj.bias",
    "wav2vec2.encoder.layers.5.layer_norm.weight",
    "wav2vec2.encoder.layers.5.layer_norm.bias",
    "wav2vec2.encoder.layers.5.feed_forward.intermediate_dense.weight",
    "wav2vec2.encoder.layers.5.feed_forward.intermediate_dense.bias",
    "wav2vec2.encoder.layers.5.feed_forward.output_dense.weight",
    "wav2vec2.encoder.layers.5.feed_forward.output_dense.bias",
    "wav2vec2.encoder.layers.5.final_layer_norm.weight",
    "wav2vec2.encoder.layers.5.final_layer_norm.bias",
    "wav2vec2.encoder.layers.6.attention.k_proj.weight",
    "wav2vec2.encoder.layers.6.attention.k_proj.bias",
    "wav2vec2.encoder.layers.6.attention.v_proj.base_layer.weight",
    "wav2vec2.encoder.layers.6.attention.v_proj.base_layer.bias",
    "wav2vec2.encoder.layers.6.attention.q_proj.base_layer.weight",
    "wav2vec2.encoder.layers.6.attention.q_proj.base_layer.bias",
    "wav2vec2.encoder.layers.6.attention.out_proj.weight",
    "wav2vec2.encoder.layers.6.attention.out_proj.bias",
    "wav2vec2.encoder.layers.6.layer_norm.weight",
    "wav2vec2.encoder.layers.6.layer_norm.bias",
    "wav2vec2.encoder.layers.6.feed_forward.intermediate_dense.weight",
    "wav2vec2.encoder.layers.6.feed_forward.intermediate_dense.bias",
    "wav2vec2.encoder.layers.6.feed_forward.output_dense.weight",
    "wav2vec2.encoder.layers.6.feed_forward.output_dense.bias",
    "wav2vec2.encoder.layers.6.final_layer_norm.weight",
    "wav2vec2.encoder.layers.6.final_layer_norm.bias",
    "wav2vec2.encoder.layers.7.attention.k_proj.weight",
    "wav2vec2.encoder.layers.7.attention.k_proj.bias",
    "wav2vec2.encoder.layers.7.attention.v_proj.base_layer.weight",
    "wav2vec2.encoder.layers.7.attention.v_proj.base_layer.bias",
    "wav2vec2.encoder.layers.7.attention.q_proj.base_layer.weight",
    "wav2vec2.encoder.layers.7.attention.q_proj.base_layer.bias",
    "wav2vec2.encoder.layers.7.attention.out_proj.weight",
    "wav2vec2.encoder.layers.7.attention.out_proj.bias",
    "wav2vec2.encoder.layers.7.layer_norm.weight",
    "wav2vec2.encoder.layers.7.layer_norm.bias",
    "wav2vec2.encoder.layers.7.feed_forward.intermediate_dense.weight",
    "wav2vec2.encoder.layers.7.feed_forward.intermediate_dense.bias",
    "wav2vec2.encoder.layers.7.feed_forward.output_dense.weight",
    "wav2vec2.encoder.layers.7.feed_forward.output_dense.bias",
    "wav2vec2.encoder.layers.7.final_layer_norm.weight",
    "wav2vec2.encoder.layers.7.final_layer_norm.bias",
    "wav2vec2.encoder.layers.8.attention.k_proj.weight",
    "wav2vec2.encoder.layers.8.attention.k_proj.bias",
    "wav2vec2.encoder.layers.8.attention.v_proj.base_layer.weight",
    "wav2vec2.encoder.layers.8.attention.v_proj.base_layer.bias",
    "wav2vec2.encoder.layers.8.attention.q_proj.base_layer.weight",
    "wav2vec2.encoder.layers.8.attention.q_proj.base_layer.bias",
    "wav2vec2.encoder.layers.8.attention.out_proj.weight",
    "wav2vec2.encoder.layers.8.attention.out_proj.bias",
    "wav2vec2.encoder.layers.8.layer_norm.weight",
    "wav2vec2.encoder.layers.8.layer_norm.bias",
    "wav2vec2.encoder.layers.8.feed_forward.intermediate_dense.weight",
    "wav2vec2.encoder.layers.8.feed_forward.intermediate_dense.bias",
    "wav2vec2.encoder.layers.8.feed_forward.output_dense.weight",
    "wav2vec2.encoder.layers.8.feed_forward.output_dense.bias",
    "wav2vec2.encoder.layers.8.final_layer_norm.weight",
    "wav2vec2.encoder.layers.8.final_layer_norm.bias",
    "wav2vec2.encoder.layers.9.attention.k_proj.weight",
    "wav2vec2.encoder.layers.9.attention.k_proj.bias",
    "wav2vec2.encoder.layers.9.attention.v_proj.base_layer.weight",
    "wav2vec2.encoder.layers.9.attention.v_proj.base_layer.bias",
    "wav2vec2.encoder.layers.9.attention.q_proj.base_layer.weight",
    "wav2vec2.encoder.layers.9.attention.q_proj.base_layer.bias",
    "wav2vec2.encoder.layers.9.attention.out_proj.weight",
    "wav2vec2.encoder.layers.9.attention.out_proj.bias",
    "wav2vec2.encoder.layers.9.layer_norm.weight",
    "wav2vec2.encoder.layers.9.layer_norm.bias",
    "wav2vec2.encoder.layers.9.feed_forward.intermediate_dense.weight",
    "wav2vec2.encoder.layers.9.feed_forward.intermediate_dense.bias",
    "wav2vec2.encoder.layers.9.feed_forward.output_dense.weight",
    "wav2vec2.encoder.layers.9.feed_forward.output_dense.bias",
    "wav2vec2.encoder.layers.9.final_layer_norm.weight",
    "wav2vec2.encoder.layers.9.final_layer_norm.bias",
    "wav2vec2.encoder.layers.10.attention.k_proj.weight",
    "wav2vec2.encoder.layers.10.attention.k_proj.bias",
    "wav2vec2.encoder.layers.10.attention.v_proj.base_layer.weight",
    "wav2vec2.encoder.layers.10.attention.v_proj.base_layer.bias",
    "wav2vec2.encoder.layers.10.attention.q_proj.base_layer.weight",
    "wav2vec2.encoder.layers.10.attention.q_proj.base_layer.bias",
    "wav2vec2.encoder.layers.10.attention.out_proj.weight",
    "wav2vec2.encoder.layers.10.attention.out_proj.bias",
    "wav2vec2.encoder.layers.10.layer_norm.weight",
    "wav2vec2.encoder.layers.10.layer_norm.bias",
    "wav2vec2.encoder.layers.10.feed_forward.intermediate_dense.weight",
    "wav2vec2.encoder.layers.10.feed_forward.intermediate_dense.bias",
    "wav2vec2.encoder.layers.10.feed_forward.output_dense.weight",
    "wav2vec2.encoder.layers.10.feed_forward.output_dense.bias",
    "wav2vec2.encoder.layers.10.final_layer_norm.weight",
    "wav2vec2.encoder.layers.10.final_layer_norm.bias",
    "wav2vec2.encoder.layers.11.attention.k_proj.weight",
    "wav2vec2.encoder.layers.11.attention.k_proj.bias",
    "wav2vec2.encoder.layers.11.attention.v_proj.base_layer.weight",
    "wav2vec2.encoder.layers.11.attention.v_proj.base_layer.bias",
    "wav2vec2.encoder.layers.11.attention.q_proj.base_layer.weight",
    "wav2vec2.encoder.layers.11.attention.q_proj.base_layer.bias",
    "wav2vec2.encoder.layers.11.attention.out_proj.weight",
    "wav2vec2.encoder.layers.11.attention.out_proj.bias",
    "wav2vec2.encoder.layers.11.layer_norm.weight",
    "wav2vec2.encoder.layers.11.layer_norm.bias",
    "wav2vec2.encoder.layers.11.feed_forward.intermediate_dense.weight",
    "wav2vec2.encoder.layers.11.feed_forward.intermediate_dense.bias",
    "wav2vec2.encoder.layers.11.feed_forward.output_dense.weight",
    "wav2vec2.encoder.layers.11.feed_forward.output_dense.bias",
    "wav2vec2.encoder.layers.11.final_layer_norm.weight",
    "wav2vec2.encoder.layers.11.final_layer_norm.bias"
  ],
  "model_name": "facebook/wav2vec2-base",
  "primary_metric": "accuracy",
  "primary_metric_value": 0.1415929203539823,
  "task_name": "minds14_en",
  "unexpected_keys": []
}
{
  "accuracy": 0.09734513274336283,
  "eval_loss": 2.626223675409953,
  "eval_samples": 113,
  "method": "ft",
  "model_name": "facebook/wav2vec2-base",
  "primary_metric": "accuracy",
  "primary_metric_value": 0.09734513274336283,
  "task_name": "minds14_en",
  "train_samples": 450
}
{
  "accuracy": 0.09734513274336283,
  "eval_loss": 2.626223675409953,
  "eval_samples": 113,
  "method": "ft",
  "missing_keys": [],
  "model_name": "facebook/wav2vec2-base",
  "primary_metric": "accuracy",
  "primary_metric_value": 0.09734513274336283,
  "task_name": "minds14_en",
  "unexpected_keys": []
}
{
  "accuracy": 0.547945205479452,
  "eval_loss": 1.0651096559535616,
  "eval_samples": 1241,
  "method": "lora",
  "model_name": "facebook/wav2vec2-base",
  "primary_metric": "accuracy",
  "primary_metric_value": 0.547945205479452,
  "task_name": "superb_er",
  "train_samples": 4290
}
{
  "accuracy": 0.547945205479452,
  "eval_loss": 1.0651096559535616,
  "eval_samples": 1241,
  "method": "lora",
  "missing_keys": [
    "wav2vec2.masked_spec_embed",
    "wav2vec2.feature_extractor.conv_layers.0.conv.weight",
    "wav2vec2.feature_extractor.conv_layers.0.layer_norm.weight",
    "wav2vec2.feature_extractor.conv_layers.0.layer_norm.bias",
    "wav2vec2.feature_extractor.conv_layers.1.conv.weight",
    "wav2vec2.feature_extractor.conv_layers.2.conv.weight",
    "wav2vec2.feature_extractor.conv_layers.3.conv.weight",
    "wav2vec2.feature_extractor.conv_layers.4.conv.weight",
    "wav2vec2.feature_extractor.conv_layers.5.conv.weight",
    "wav2vec2.feature_extractor.conv_layers.6.conv.weight",
    "wav2vec2.feature_projection.layer_norm.weight",
    "wav2vec2.feature_projection.layer_norm.bias",
    "wav2vec2.feature_projection.projection.weight",
    "wav2vec2.feature_projection.projection.bias",
    "wav2vec2.encoder.pos_conv_embed.conv.bias",
    "wav2vec2.encoder.pos_conv_embed.conv.parametrizations.weight.original0",
    "wav2vec2.encoder.pos_conv_embed.conv.parametrizations.weight.original1",
    "wav2vec2.encoder.layer_norm.weight",
    "wav2vec2.encoder.layer_norm.bias",
    "wav2vec2.encoder.layers.0.attention.k_proj.weight",
    "wav2vec2.encoder.layers.0.attention.k_proj.bias",
    "wav2vec2.encoder.layers.0.attention.v_proj.base_layer.weight",
    "wav2vec2.encoder.layers.0.attention.v_proj.base_layer.bias",
    "wav2vec2.encoder.layers.0.attention.q_proj.base_layer.weight",
    "wav2vec2.encoder.layers.0.attention.q_proj.base_layer.bias",
    "wav2vec2.encoder.layers.0.attention.out_proj.weight",
    "wav2vec2.encoder.layers.0.attention.out_proj.bias",
    "wav2vec2.encoder.layers.0.layer_norm.weight",
    "wav2vec2.encoder.layers.0.layer_norm.bias",
    "wav2vec2.encoder.layers.0.feed_forward.intermediate_dense.weight",
    "wav2vec2.encoder.layers.0.feed_forward.intermediate_dense.bias",
    "wav2vec2.encoder.layers.0.feed_forward.output_dense.weight",
    "wav2vec2.encoder.layers.0.feed_forward.output_dense.bias",
    "wav2vec2.encoder.layers.0.final_layer_norm.weight",
    "wav2vec2.encoder.layers.0.final_layer_norm.bias",
    "wav2vec2.encoder.layers.1.attention.k_proj.weight",
    "wav2vec2.encoder.layers.1.attention.k_proj.bias",
    "wav2vec2.encoder.layers.1.attention.v_proj.base_layer.weight",
    "wav2vec2.encoder.layers.1.attention.v_proj.base_layer.bias",
    "wav2vec2.encoder.layers.1.attention.q_proj.base_layer.weight",
    "wav2vec2.encoder.layers.1.attention.q_proj.base_layer.bias",
    "wav2vec2.encoder.layers.1.attention.out_proj.weight",
    "wav2vec2.encoder.layers.1.attention.out_proj.bias",
    "wav2vec2.encoder.layers.1.layer_norm.weight",
    "wav2vec2.encoder.layers.1.layer_norm.bias",
    "wav2vec2.encoder.layers.1.feed_forward.intermediate_dense.weight",
    "wav2vec2.encoder.layers.1.feed_forward.intermediate_dense.bias",
    "wav2vec2.encoder.layers.1.feed_forward.output_dense.weight",
    "wav2vec2.encoder.layers.1.feed_forward.output_dense.bias",
    "wav2vec2.encoder.layers.1.final_layer_norm.weight",
    "wav2vec2.encoder.layers.1.final_layer_norm.bias",
    "wav2vec2.encoder.layers.2.attention.k_proj.weight",
    "wav2vec2.encoder.layers.2.attention.k_proj.bias",
    "wav2vec2.encoder.layers.2.attention.v_proj.base_layer.weight",
    "wav2vec2.encoder.layers.2.attention.v_proj.base_layer.bias",
    "wav2vec2.encoder.layers.2.attention.q_proj.base_layer.weight",
    "wav2vec2.encoder.layers.2.attention.q_proj.base_layer.bias",
    "wav2vec2.encoder.layers.2.attention.out_proj.weight",
    "wav2vec2.encoder.layers.2.attention.out_proj.bias",
    "wav2vec2.encoder.layers.2.layer_norm.weight",
    "wav2vec2.encoder.layers.2.layer_norm.bias",
    "wav2vec2.encoder.layers.2.feed_forward.intermediate_dense.weight",
    "wav2vec2.encoder.layers.2.feed_forward.intermediate_dense.bias",
    "wav2vec2.encoder.layers.2.feed_forward.output_dense.weight",
    "wav2vec2.encoder.layers.2.feed_forward.output_dense.bias",
    "wav2vec2.encoder.layers.2.final_layer_norm.weight",
    "wav2vec2.encoder.layers.2.final_layer_norm.bias",
    "wav2vec2.encoder.layers.3.attention.k_proj.weight",
    "wav2vec2.encoder.layers.3.attention.k_proj.bias",
    "wav2vec2.encoder.layers.3.attention.v_proj.base_layer.weight",
    "wav2vec2.encoder.layers.3.attention.v_proj.base_layer.bias",
    "wav2vec2.encoder.layers.3.attention.q_proj.base_layer.weight",
    "wav2vec2.encoder.layers.3.attention.q_proj.base_layer.bias",
    "wav2vec2.encoder.layers.3.attention.out_proj.weight",
    "wav2vec2.encoder.layers.3.attention.out_proj.bias",
    "wav2vec2.encoder.layers.3.layer_norm.weight",
    "wav2vec2.encoder.layers.3.layer_norm.bias",
    "wav2vec2.encoder.layers.3.feed_forward.intermediate_dense.weight",
    "wav2vec2.encoder.layers.3.feed_forward.intermediate_dense.bias",
    "wav2vec2.encoder.layers.3.feed_forward.output_dense.weight",
    "wav2vec2.encoder.layers.3.feed_forward.output_dense.bias",
    "wav2vec2.encoder.layers.3.final_layer_norm.weight",
    "wav2vec2.encoder.layers.3.final_layer_norm.bias",
    "wav2vec2.encoder.layers.4.attention.k_proj.weight",
    "wav2vec2.encoder.layers.4.attention.k_proj.bias",
    "wav2vec2.encoder.layers.4.attention.v_proj.base_layer.weight",
    "wav2vec2.encoder.layers.4.attention.v_proj.base_layer.bias",
    "wav2vec2.encoder.layers.4.attention.q_proj.base_layer.weight",
    "wav2vec2.encoder.layers.4.attention.q_proj.base_layer.bias",
    "wav2vec2.encoder.layers.4.attention.out_proj.weight",
    "wav2vec2.encoder.layers.4.attention.out_proj.bias",
    "wav2vec2.encoder.layers.4.layer_norm.weight",
    "wav2vec2.encoder.layers.4.layer_norm.bias",
    "wav2vec2.encoder.layers.4.feed_forward.intermediate_dense.weight",
    "wav2vec2.encoder.layers.4.feed_forward.intermediate_dense.bias",
    "wav2vec2.encoder.layers.4.feed_forward.output_dense.weight",
    "wav2vec2.encoder.layers.4.feed_forward.output_dense.bias",
    "wav2vec2.encoder.layers.4.final_layer_norm.weight",
    "wav2vec2.encoder.layers.4.final_layer_norm.bias",
    "wav2vec2.encoder.layers.5.attention.k_proj.weight",
    "wav2vec2.encoder.layers.5.attention.k_proj.bias",
    "wav2vec2.encoder.layers.5.attention.v_proj.base_layer.weight",
    "wav2vec2.encoder.layers.5.attention.v_proj.base_layer.bias",
    "wav2vec2.encoder.layers.5.attention.q_proj.base_layer.weight",
    "wav2vec2.encoder.layers.5.attention.q_proj.base_layer.bias",
    "wav2vec2.encoder.layers.5.attention.out_proj.weight",
    "wav2vec2.encoder.layers.5.attention.out_proj.bias",
    "wav2vec2.encoder.layers.5.layer_norm.weight",
    "wav2vec2.encoder.layers.5.layer_norm.bias",
    "wav2vec2.encoder.layers.5.feed_forward.intermediate_dense.weight",
    "wav2vec2.encoder.layers.5.feed_forward.intermediate_dense.bias",
    "wav2vec2.encoder.layers.5.feed_forward.output_dense.weight",
    "wav2vec2.encoder.layers.5.feed_forward.output_dense.bias",
    "wav2vec2.encoder.layers.5.final_layer_norm.weight",
    "wav2vec2.encoder.layers.5.final_layer_norm.bias",
    "wav2vec2.encoder.layers.6.attention.k_proj.weight",
    "wav2vec2.encoder.layers.6.attention.k_proj.bias",
    "wav2vec2.encoder.layers.6.attention.v_proj.base_layer.weight",
    "wav2vec2.encoder.layers.6.attention.v_proj.base_layer.bias",
    "wav2vec2.encoder.layers.6.attention.q_proj.base_layer.weight",
    "wav2vec2.encoder.layers.6.attention.q_proj.base_layer.bias",
    "wav2vec2.encoder.layers.6.attention.out_proj.weight",
    "wav2vec2.encoder.layers.6.attention.out_proj.bias",
    "wav2vec2.encoder.layers.6.layer_norm.weight",
    "wav2vec2.encoder.layers.6.layer_norm.bias",
    "wav2vec2.encoder.layers.6.feed_forward.intermediate_dense.weight",
    "wav2vec2.encoder.layers.6.feed_forward.intermediate_dense.bias",
    "wav2vec2.encoder.layers.6.feed_forward.output_dense.weight",
    "wav2vec2.encoder.layers.6.feed_forward.output_dense.bias",
    "wav2vec2.encoder.layers.6.final_layer_norm.weight",
    "wav2vec2.encoder.layers.6.final_layer_norm.bias",
    "wav2vec2.encoder.layers.7.attention.k_proj.weight",
    "wav2vec2.encoder.layers.7.attention.k_proj.bias",
    "wav2vec2.encoder.layers.7.attention.v_proj.base_layer.weight",
    "wav2vec2.encoder.layers.7.attention.v_proj.base_layer.bias",
    "wav2vec2.encoder.layers.7.attention.q_proj.base_layer.weight",
    "wav2vec2.encoder.layers.7.attention.q_proj.base_layer.bias",
    "wav2vec2.encoder.layers.7.attention.out_proj.weight",
    "wav2vec2.encoder.layers.7.attention.out_proj.bias",
    "wav2vec2.encoder.layers.7.layer_norm.weight",
    "wav2vec2.encoder.layers.7.layer_norm.bias",
    "wav2vec2.encoder.layers.7.feed_forward.intermediate_dense.weight",
    "wav2vec2.encoder.layers.7.feed_forward.intermediate_dense.bias",
    "wav2vec2.encoder.layers.7.feed_forward.output_dense.weight",
    "wav2vec2.encoder.layers.7.feed_forward.output_dense.bias",
    "wav2vec2.encoder.layers.7.final_layer_norm.weight",
    "wav2vec2.encoder.layers.7.final_layer_norm.bias",
    "wav2vec2.encoder.layers.8.attention.k_proj.weight",
    "wav2vec2.encoder.layers.8.attention.k_proj.bias",
    "wav2vec2.encoder.layers.8.attention.v_proj.base_layer.weight",
    "wav2vec2.encoder.layers.8.attention.v_proj.base_layer.bias",
    "wav2vec2.encoder.layers.8.attention.q_proj.base_layer.weight",
    "wav2vec2.encoder.layers.8.attention.q_proj.base_layer.bias",
    "wav2vec2.encoder.layers.8.attention.out_proj.weight",
    "wav2vec2.encoder.layers.8.attention.out_proj.bias",
    "wav2vec2.encoder.layers.8.layer_norm.weight",
    "wav2vec2.encoder.layers.8.layer_norm.bias",
    "wav2vec2.encoder.layers.8.feed_forward.intermediate_dense.weight",
    "wav2vec2.encoder.layers.8.feed_forward.intermediate_dense.bias",
    "wav2vec2.encoder.layers.8.feed_forward.output_dense.weight",
    "wav2vec2.encoder.layers.8.feed_forward.output_dense.bias",
    "wav2vec2.encoder.layers.8.final_layer_norm.weight",
    "wav2vec2.encoder.layers.8.final_layer_norm.bias",
    "wav2vec2.encoder.layers.9.attention.k_proj.weight",
    "wav2vec2.encoder.layers.9.attention.k_proj.bias",
    "wav2vec2.encoder.layers.9.attention.v_proj.base_layer.weight",
    "wav2vec2.encoder.layers.9.attention.v_proj.base_layer.bias",
    "wav2vec2.encoder.layers.9.attention.q_proj.base_layer.weight",
    "wav2vec2.encoder.layers.9.attention.q_proj.base_layer.bias",
    "wav2vec2.encoder.layers.9.attention.out_proj.weight",
    "wav2vec2.encoder.layers.9.attention.out_proj.bias",
    "wav2vec2.encoder.layers.9.layer_norm.weight",
    "wav2vec2.encoder.layers.9.layer_norm.bias",
    "wav2vec2.encoder.layers.9.feed_forward.intermediate_dense.weight",
    "wav2vec2.encoder.layers.9.feed_forward.intermediate_dense.bias",
    "wav2vec2.encoder.layers.9.feed_forward.output_dense.weight",
    "wav2vec2.encoder.layers.9.feed_forward.output_dense.bias",
    "wav2vec2.encoder.layers.9.final_layer_norm.weight",
    "wav2vec2.encoder.layers.9.final_layer_norm.bias",
    "wav2vec2.encoder.layers.10.attention.k_proj.weight",
    "wav2vec2.encoder.layers.10.attention.k_proj.bias",
    "wav2vec2.encoder.layers.10.attention.v_proj.base_layer.weight",
    "wav2vec2.encoder.layers.10.attention.v_proj.base_layer.bias",
    "wav2vec2.encoder.layers.10.attention.q_proj.base_layer.weight",
    "wav2vec2.encoder.layers.10.attention.q_proj.base_layer.bias",
    "wav2vec2.encoder.layers.10.attention.out_proj.weight",
    "wav2vec2.encoder.layers.10.attention.out_proj.bias",
    "wav2vec2.encoder.layers.10.layer_norm.weight",
    "wav2vec2.encoder.layers.10.layer_norm.bias",
    "wav2vec2.encoder.layers.10.feed_forward.intermediate_dense.weight",
    "wav2vec2.encoder.layers.10.feed_forward.intermediate_dense.bias",
    "wav2vec2.encoder.layers.10.feed_forward.output_dense.weight",
    "wav2vec2.encoder.layers.10.feed_forward.output_dense.bias",
    "wav2vec2.encoder.layers.10.final_layer_norm.weight",
    "wav2vec2.encoder.layers.10.final_layer_norm.bias",
    "wav2vec2.encoder.layers.11.attention.k_proj.weight",
    "wav2vec2.encoder.layers.11.attention.k_proj.bias",
    "wav2vec2.encoder.layers.11.attention.v_proj.base_layer.weight",
    "wav2vec2.encoder.layers.11.attention.v_proj.base_layer.bias",
    "wav2vec2.encoder.layers.11.attention.q_proj.base_layer.weight",
    "wav2vec2.encoder.layers.11.attention.q_proj.base_layer.bias",
    "wav2vec2.encoder.layers.11.attention.out_proj.weight",
    "wav2vec2.encoder.layers.11.attention.out_proj.bias",
    "wav2vec2.encoder.layers.11.layer_norm.weight",
    "wav2vec2.encoder.layers.11.layer_norm.bias",
    "wav2vec2.encoder.layers.11.feed_forward.intermediate_dense.weight",
    "wav2vec2.encoder.layers.11.feed_forward.intermediate_dense.bias",
    "wav2vec2.encoder.layers.11.feed_forward.output_dense.weight",
    "wav2vec2.encoder.layers.11.feed_forward.output_dense.bias",
    "wav2vec2.encoder.layers.11.final_layer_norm.weight",
    "wav2vec2.encoder.layers.11.final_layer_norm.bias"
  ],
  "model_name": "facebook/wav2vec2-base",
  "primary_metric": "accuracy",
  "primary_metric_value": 0.547945205479452,
  "task_name": "superb_er",
  "unexpected_keys": []
}
{
  "accuracy": 0.6414182111200645,
  "eval_loss": 0.9421189014489452,
  "eval_samples": 1241,
  "method": "ft",
  "model_name": "facebook/wav2vec2-base",
  "primary_metric": "accuracy",
  "primary_metric_value": 0.6414182111200645,
  "task_name": "superb_er",
  "train_samples": 4290
}
{
  "accuracy": 0.6414182111200645,
  "eval_loss": 0.9421189014489452,
  "eval_samples": 1241,
  "method": "ft",
  "missing_keys": [],
  "model_name": "facebook/wav2vec2-base",
  "primary_metric": "accuracy",
  "primary_metric_value": 0.6414182111200645,
  "task_name": "superb_er",
  "unexpected_keys": []
}
Wrote summary to my_Audio/results/three_task_table/summary_table.csv
Done. Results written to my_Audio/results/three_task_table
