Exp2: cola LoRA r=1 placement=attention
Done: cola_reliability/results/exp2_lora_settings/cola_lora_r1_attention
ID matthews_correlation=0.5624 ECE=0.1009 abstain=0.1716
Exp2: cola LoRA r=1 placement=mlp
Done: cola_reliability/results/exp2_lora_settings/cola_lora_r1_mlp
ID matthews_correlation=0.5676 ECE=0.1201 abstain=0.0920
Exp2: cola LoRA r=1 placement=attention_mlp
Done: cola_reliability/results/exp2_lora_settings/cola_lora_r1_attention_mlp
ID matthews_correlation=0.5854 ECE=0.1229 abstain=0.0844
Exp2: cola LoRA r=4 placement=attention
Done: cola_reliability/results/exp2_lora_settings/cola_lora_r4_attention
ID matthews_correlation=0.5907 ECE=0.0923 abstain=0.1572
Exp2: cola LoRA r=4 placement=mlp
Done: cola_reliability/results/exp2_lora_settings/cola_lora_r4_mlp
ID matthews_correlation=0.5907 ECE=0.1128 abstain=0.0853
Exp2: cola LoRA r=4 placement=attention_mlp
Done: cola_reliability/results/exp2_lora_settings/cola_lora_r4_attention_mlp
ID matthews_correlation=0.6057 ECE=0.1325 abstain=0.0594
Exp2: cola LoRA r=8 placement=attention
Done: cola_reliability/results/exp2_lora_settings/cola_lora_r8_attention
ID matthews_correlation=0.5752 ECE=0.0913 abstain=0.1400
Exp2: cola LoRA r=8 placement=mlp
Done: cola_reliability/results/exp2_lora_settings/cola_lora_r8_mlp
ID matthews_correlation=0.5676 ECE=0.1249 abstain=0.0882
Exp2: cola LoRA r=8 placement=attention_mlp
Done: cola_reliability/results/exp2_lora_settings/cola_lora_r8_attention_mlp
ID matthews_correlation=0.5931 ECE=0.1214 abstain=0.0853
Exp2: cola LoRA r=16 placement=attention
Done: cola_reliability/results/exp2_lora_settings/cola_lora_r16_attention
ID matthews_correlation=0.5752 ECE=0.0919 abstain=0.1496
Exp2: cola LoRA r=16 placement=mlp
Done: cola_reliability/results/exp2_lora_settings/cola_lora_r16_mlp
ID matthews_correlation=0.5812 ECE=0.1272 abstain=0.0844
Exp2: cola LoRA r=16 placement=attention_mlp
Done: cola_reliability/results/exp2_lora_settings/cola_lora_r16_attention_mlp
ID matthews_correlation=0.5861 ECE=0.1280 abstain=0.0738
Exp2: mrpc LoRA r=1 placement=attention
Done: cola_reliability/results/exp2_lora_settings/mrpc_lora_r1_attention
ID f1=0.8982 ECE=0.0544 abstain=0.1936
Exp2: mrpc LoRA r=1 placement=mlp
Done: cola_reliability/results/exp2_lora_settings/mrpc_lora_r1_mlp
ID f1=0.9014 ECE=0.0988 abstain=0.0882
Exp2: mrpc LoRA r=1 placement=attention_mlp
Done: cola_reliability/results/exp2_lora_settings/mrpc_lora_r1_attention_mlp
ID f1=0.9133 ECE=0.0795 abstain=0.1054
Exp2: mrpc LoRA r=4 placement=attention
Done: cola_reliability/results/exp2_lora_settings/mrpc_lora_r4_attention
ID f1=0.9020 ECE=0.0658 abstain=0.1348
Exp2: mrpc LoRA r=4 placement=mlp
Done: cola_reliability/results/exp2_lora_settings/mrpc_lora_r4_mlp
ID f1=0.9156 ECE=0.0599 abstain=0.1127
Exp2: mrpc LoRA r=4 placement=attention_mlp
Done: cola_reliability/results/exp2_lora_settings/mrpc_lora_r4_attention_mlp
ID f1=0.9269 ECE=0.0711 abstain=0.0686
Exp2: mrpc LoRA r=8 placement=attention
Done: cola_reliability/results/exp2_lora_settings/mrpc_lora_r8_attention
ID f1=0.9037 ECE=0.0516 abstain=0.1887
Exp2: mrpc LoRA r=8 placement=mlp
Done: cola_reliability/results/exp2_lora_settings/mrpc_lora_r8_mlp
ID f1=0.9165 ECE=0.0832 abstain=0.0564
Exp2: mrpc LoRA r=8 placement=attention_mlp
Done: cola_reliability/results/exp2_lora_settings/mrpc_lora_r8_attention_mlp
ID f1=0.9223 ECE=0.0819 abstain=0.0466
Exp2: mrpc LoRA r=16 placement=attention
Done: cola_reliability/results/exp2_lora_settings/mrpc_lora_r16_attention
ID f1=0.9094 ECE=0.0550 abstain=0.1716
Exp2: mrpc LoRA r=16 placement=mlp
Done: cola_reliability/results/exp2_lora_settings/mrpc_lora_r16_mlp
ID f1=0.9161 ECE=0.0877 abstain=0.0466
Exp2: mrpc LoRA r=16 placement=attention_mlp
Done: cola_reliability/results/exp2_lora_settings/mrpc_lora_r16_attention_mlp
ID f1=0.9231 ECE=0.0747 abstain=0.0735
Exp2: rte LoRA r=1 placement=attention
Done: cola_reliability/results/exp2_lora_settings/rte_lora_r1_attention
ID accuracy=0.7112 ECE=0.0733 abstain=0.4982
Exp2: rte LoRA r=1 placement=mlp
Done: cola_reliability/results/exp2_lora_settings/rte_lora_r1_mlp
ID accuracy=0.7004 ECE=0.1458 abstain=0.3285
Exp2: rte LoRA r=1 placement=attention_mlp
Done: cola_reliability/results/exp2_lora_settings/rte_lora_r1_attention_mlp
ID accuracy=0.7473 ECE=0.0843 abstain=0.3285
Exp2: rte LoRA r=4 placement=attention
Done: cola_reliability/results/exp2_lora_settings/rte_lora_r4_attention
ID accuracy=0.6931 ECE=0.1256 abstain=0.3682
Exp2: rte LoRA r=4 placement=mlp
Done: cola_reliability/results/exp2_lora_settings/rte_lora_r4_mlp
ID accuracy=0.7329 ECE=0.1326 abstain=0.2671
Exp2: rte LoRA r=4 placement=attention_mlp
Done: cola_reliability/results/exp2_lora_settings/rte_lora_r4_attention_mlp
ID accuracy=0.7437 ECE=0.1392 abstain=0.2274
Exp2: rte LoRA r=8 placement=attention
Done: cola_reliability/results/exp2_lora_settings/rte_lora_r8_attention
ID accuracy=0.7112 ECE=0.1029 abstain=0.3791
Exp2: rte LoRA r=8 placement=mlp
Done: cola_reliability/results/exp2_lora_settings/rte_lora_r8_mlp
ID accuracy=0.7617 ECE=0.0964 abstain=0.2671
Exp2: rte LoRA r=8 placement=attention_mlp
Done: cola_reliability/results/exp2_lora_settings/rte_lora_r8_attention_mlp
ID accuracy=0.7762 ECE=0.1087 abstain=0.2419
Exp2: rte LoRA r=16 placement=attention
Done: cola_reliability/results/exp2_lora_settings/rte_lora_r16_attention
ID accuracy=0.7112 ECE=0.1194 abstain=0.3610
Exp2: rte LoRA r=16 placement=mlp
Done: cola_reliability/results/exp2_lora_settings/rte_lora_r16_mlp
ID accuracy=0.7617 ECE=0.1137 abstain=0.2635
Exp2: rte LoRA r=16 placement=attention_mlp
Done: cola_reliability/results/exp2_lora_settings/rte_lora_r16_attention_mlp
ID accuracy=0.7365 ECE=0.1571 abstain=0.2130
Exp2: sst2 LoRA r=1 placement=attention
Done: cola_reliability/results/exp2_lora_settings/sst2_lora_r1_attention
ID accuracy=0.9392 ECE=0.0421 abstain=0.0344
Exp2: sst2 LoRA r=1 placement=mlp
Done: cola_reliability/results/exp2_lora_settings/sst2_lora_r1_mlp
ID accuracy=0.9438 ECE=0.0486 abstain=0.0183
Exp2: sst2 LoRA r=1 placement=attention_mlp
Done: cola_reliability/results/exp2_lora_settings/sst2_lora_r1_attention_mlp
ID accuracy=0.9392 ECE=0.0505 abstain=0.0161
Exp2: sst2 LoRA r=4 placement=attention
Done: cola_reliability/results/exp2_lora_settings/sst2_lora_r4_attention
ID accuracy=0.9392 ECE=0.0507 abstain=0.0195
Exp2: sst2 LoRA r=4 placement=mlp
Done: cola_reliability/results/exp2_lora_settings/sst2_lora_r4_mlp
ID accuracy=0.9450 ECE=0.0493 abstain=0.0092
Exp2: sst2 LoRA r=4 placement=attention_mlp
Done: cola_reliability/results/exp2_lora_settings/sst2_lora_r4_attention_mlp
ID accuracy=0.9564 ECE=0.0384 abstain=0.0103
Exp2: sst2 LoRA r=8 placement=attention
Done: cola_reliability/results/exp2_lora_settings/sst2_lora_r8_attention
ID accuracy=0.9415 ECE=0.0492 abstain=0.0161
Exp2: sst2 LoRA r=8 placement=mlp
Done: cola_reliability/results/exp2_lora_settings/sst2_lora_r8_mlp
ID accuracy=0.9369 ECE=0.0512 abstain=0.0206
Exp2: sst2 LoRA r=8 placement=attention_mlp
Done: cola_reliability/results/exp2_lora_settings/sst2_lora_r8_attention_mlp
ID accuracy=0.9427 ECE=0.0496 abstain=0.0161
Exp2: sst2 LoRA r=16 placement=attention
Done: cola_reliability/results/exp2_lora_settings/sst2_lora_r16_attention
ID accuracy=0.9415 ECE=0.0483 abstain=0.0172
Exp2: sst2 LoRA r=16 placement=mlp
Done: cola_reliability/results/exp2_lora_settings/sst2_lora_r16_mlp
ID accuracy=0.9461 ECE=0.0439 abstain=0.0103
Exp2: sst2 LoRA r=16 placement=attention_mlp
Done: cola_reliability/results/exp2_lora_settings/sst2_lora_r16_attention_mlp
ID accuracy=0.9484 ECE=0.0456 abstain=0.0126
Wrote cola_reliability/results/exp2_lora_settings/summary_table.csv
Wrote cola_reliability/results/exp2_lora_settings/summary_table.md
Done. Exp2 results written to cola_reliability/results/exp2_lora_settings
Table: cola_reliability/results/exp2_lora_settings/summary_table.md
