Preparing GLUE task sst2...
Prepared GLUE/sst2. Metadata: data/glue_sst2/metadata.json
Running FT on sst2, output=my_NLU/results/by_task/sst2/sst2_ft
Training complete. Best accuracy: 0.9404
Outputs: my_NLU/results/by_task/sst2/sst2_ft
Evaluating FT on sst2
Evaluation complete. accuracy: 0.9404
Outputs: my_NLU/results/by_task/sst2/sst2_ft
Running BitFit on sst2, output=my_NLU/results/by_task/sst2/sst2_bitfit
Training complete. Best accuracy: 0.9358
Outputs: my_NLU/results/by_task/sst2/sst2_bitfit
Evaluating BitFit on sst2
Evaluation complete. accuracy: 0.9358
Outputs: my_NLU/results/by_task/sst2/sst2_bitfit
Running Adapter0.3M on sst2, output=my_NLU/results/by_task/sst2/sst2_adapter_0p3m
Training complete. Best accuracy: 0.9358
Outputs: my_NLU/results/by_task/sst2/sst2_adapter_0p3m
Evaluating Adapter0.3M on sst2
Evaluation complete. accuracy: 0.9358
Outputs: my_NLU/results/by_task/sst2/sst2_adapter_0p3m
Running Adapter0.9M on sst2, output=my_NLU/results/by_task/sst2/sst2_adapter_0p9m
Training complete. Best accuracy: 0.9369
Outputs: my_NLU/results/by_task/sst2/sst2_adapter_0p9m
Evaluating Adapter0.9M on sst2
Evaluation complete. accuracy: 0.9369
Outputs: my_NLU/results/by_task/sst2/sst2_adapter_0p9m
Running LoRA on sst2, output=my_NLU/results/by_task/sst2/sst2_lora
Training complete. Best accuracy: 0.9392
Outputs: my_NLU/results/by_task/sst2/sst2_lora
Evaluating LoRA on sst2
Evaluation complete. accuracy: 0.9392
Outputs: my_NLU/results/by_task/sst2/sst2_lora
Wrote summary: my_NLU/results/by_task/sst2/summary_table.csv
Done. Results written to my_NLU/results/by_task/sst2
Task table: my_NLU/results/by_task/sst2/paper_style_sst2_table.md
