Preparing GLUE task mrpc...
Prepared GLUE/mrpc. Metadata: data/glue_mrpc/metadata.json
Running FT on mrpc, output=my_NLU/results/by_task/mrpc/mrpc_ft
Training complete. Best f1: 0.9236
Outputs: my_NLU/results/by_task/mrpc/mrpc_ft
Evaluating FT on mrpc
Evaluation complete. f1: 0.9236
Outputs: my_NLU/results/by_task/mrpc/mrpc_ft
Running BitFit on mrpc, output=my_NLU/results/by_task/mrpc/mrpc_bitfit
Training complete. Best f1: 0.8548
Outputs: my_NLU/results/by_task/mrpc/mrpc_bitfit
Evaluating BitFit on mrpc
Evaluation complete. f1: 0.8548
Outputs: my_NLU/results/by_task/mrpc/mrpc_bitfit
Running Adapter0.3M on mrpc, output=my_NLU/results/by_task/mrpc/mrpc_adapter_0p3m
Training complete. Best f1: 0.9101
Outputs: my_NLU/results/by_task/mrpc/mrpc_adapter_0p3m
Evaluating Adapter0.3M on mrpc
Evaluation complete. f1: 0.9101
Outputs: my_NLU/results/by_task/mrpc/mrpc_adapter_0p3m
Running Adapter0.9M on mrpc, output=my_NLU/results/by_task/mrpc/mrpc_adapter_0p9m
Training complete. Best f1: 0.9137
Outputs: my_NLU/results/by_task/mrpc/mrpc_adapter_0p9m
Evaluating Adapter0.9M on mrpc
Evaluation complete. f1: 0.9137
Outputs: my_NLU/results/by_task/mrpc/mrpc_adapter_0p9m
Running LoRA on mrpc, output=my_NLU/results/by_task/mrpc/mrpc_lora
Training complete. Best f1: 0.9037
Outputs: my_NLU/results/by_task/mrpc/mrpc_lora
Evaluating LoRA on mrpc
Evaluation complete. f1: 0.9037
Outputs: my_NLU/results/by_task/mrpc/mrpc_lora
Wrote summary: my_NLU/results/by_task/mrpc/summary_table.csv
Done. Results written to my_NLU/results/by_task/mrpc
Task table: my_NLU/results/by_task/mrpc/paper_style_mrpc_table.md
