Preparing GLUE task cola...
Prepared GLUE/cola. Metadata: data/glue_cola/metadata.json
Running FT on cola, output=my_NLU/results/by_task/cola/cola_ft
Training complete. Best matthews_correlation: 0.5932
Outputs: my_NLU/results/by_task/cola/cola_ft
Evaluating FT on cola
Evaluation complete. matthews_correlation: 0.5932
Outputs: my_NLU/results/by_task/cola/cola_ft
Running BitFit on cola, output=my_NLU/results/by_task/cola/cola_bitfit
Training complete. Best matthews_correlation: 0.5100
Outputs: my_NLU/results/by_task/cola/cola_bitfit
Evaluating BitFit on cola
Evaluation complete. matthews_correlation: 0.5100
Outputs: my_NLU/results/by_task/cola/cola_bitfit
Running Adapter0.3M on cola, output=my_NLU/results/by_task/cola/cola_adapter_0p3m
Training complete. Best matthews_correlation: 0.5677
Outputs: my_NLU/results/by_task/cola/cola_adapter_0p3m
Evaluating Adapter0.3M on cola
Evaluation complete. matthews_correlation: 0.5677
Outputs: my_NLU/results/by_task/cola/cola_adapter_0p3m
Running Adapter0.9M on cola, output=my_NLU/results/by_task/cola/cola_adapter_0p9m
Training complete. Best matthews_correlation: 0.6032
Outputs: my_NLU/results/by_task/cola/cola_adapter_0p9m
Evaluating Adapter0.9M on cola
Evaluation complete. matthews_correlation: 0.6032
Outputs: my_NLU/results/by_task/cola/cola_adapter_0p9m
Running LoRA on cola, output=my_NLU/results/by_task/cola/cola_lora
Training complete. Best matthews_correlation: 0.5933
Outputs: my_NLU/results/by_task/cola/cola_lora
Evaluating LoRA on cola
Evaluation complete. matthews_correlation: 0.5933
Outputs: my_NLU/results/by_task/cola/cola_lora
Wrote summary: my_NLU/results/by_task/cola/summary_table.csv
Done. Results written to my_NLU/results/by_task/cola
Task table: my_NLU/results/by_task/cola/paper_style_cola_table.md
